▷ INFO  19:00:04 org.springframework.test.context.support.DefaultTestContextBootstrapper[getDefaultTestExecutionListenerClassNames:259] - Loaded default TestExecutionListener class names from location [META-INF/spring.factories]: [org.springframework.test.context.web.ServletTestExecutionListener, org.springframework.test.context.support.DirtiesContextBeforeModesTestExecutionListener, org.springframework.test.context.support.DependencyInjectionTestExecutionListener, org.springframework.test.context.support.DirtiesContextTestExecutionListener, org.springframework.test.context.transaction.TransactionalTestExecutionListener, org.springframework.test.context.jdbc.SqlScriptsTestExecutionListener]
▷ INFO  19:00:04 org.springframework.test.context.support.DefaultTestContextBootstrapper[getTestExecutionListeners:185] - Using TestExecutionListeners: [org.springframework.test.context.web.ServletTestExecutionListener@1990a65e, org.springframework.test.context.support.DirtiesContextBeforeModesTestExecutionListener@64485a47, org.springframework.test.context.support.DependencyInjectionTestExecutionListener@25bbf683, org.springframework.test.context.support.DirtiesContextTestExecutionListener@6ec8211c, org.springframework.test.context.transaction.TransactionalTestExecutionListener@7276c8cd, org.springframework.test.context.jdbc.SqlScriptsTestExecutionListener@544a2ea6]
▷ INFO  19:00:05 org.springframework.beans.factory.xml.XmlBeanDefinitionReader[loadBeanDefinitions:317] - Loading XML bean definitions from class path resource [applicationContext-root.xml]
▷ INFO  19:00:05 org.springframework.beans.factory.xml.XmlBeanDefinitionReader[loadBeanDefinitions:317] - Loading XML bean definitions from class path resource [applicationContext-mvc.xml]
▷ INFO  19:00:05 org.springframework.beans.factory.xml.XmlBeanDefinitionReader[loadBeanDefinitions:317] - Loading XML bean definitions from class path resource [applicationContext-repository.xml]
▷ WARN  19:00:05 org.mybatis.spring.mapper.ClassPathMapperScanner[doScan:158] - No MyBatis mapper was found in '[classpath:/mybatis-mappers]' package. Please check your configuration.
▷ INFO  19:00:05 org.springframework.beans.factory.xml.XmlBeanDefinitionReader[loadBeanDefinitions:317] - Loading XML bean definitions from class path resource [applicationContext-security.xml]
▷ INFO  19:00:05 org.springframework.beans.factory.xml.XmlBeanDefinitionReader[loadBeanDefinitions:317] - Loading XML bean definitions from class path resource [applicationContext-repository.xml]
▷ WARN  19:00:06 org.mybatis.spring.mapper.ClassPathMapperScanner[doScan:158] - No MyBatis mapper was found in '[classpath:/mybatis-mappers]' package. Please check your configuration.
▷ INFO  19:00:06 org.springframework.beans.factory.support.DefaultListableBeanFactory[registerBeanDefinition:839] - Overriding bean definition for bean 'transactionAdvisor' with a different definition: replacing [Root bean: class [org.springframework.aop.support.DefaultBeanFactoryPointcutAdvisor]; scope=; abstract=false; lazyInit=false; autowireMode=0; dependencyCheck=0; autowireCandidate=true; primary=false; factoryBeanName=null; factoryMethodName=null; initMethodName=null; destroyMethodName=null] with [Root bean: class [org.springframework.aop.support.DefaultBeanFactoryPointcutAdvisor]; scope=; abstract=false; lazyInit=false; autowireMode=0; dependencyCheck=0; autowireCandidate=true; primary=false; factoryBeanName=null; factoryMethodName=null; initMethodName=null; destroyMethodName=null]
▷ INFO  19:00:06 org.springframework.security.core.SpringSecurityCoreVersion[performVersionChecks:59] - You are running with Spring Security Core 4.0.3.RELEASE
▷ INFO  19:00:06 org.springframework.security.config.SecurityNamespaceHandler[<init>:78] - Spring Security 'config' module version is 4.0.3.RELEASE
▷ INFO  19:00:06 org.springframework.security.config.http.FilterInvocationSecurityMetadataSourceParser[parseInterceptUrlsForFilterInvocationRequestMap:158] - Creating access control expression attribute 'hasAnyRole('ROLE_USER','ROLE_ADMIN')' for /editors/**
▷ INFO  19:00:06 org.springframework.security.config.http.FilterInvocationSecurityMetadataSourceParser[parseInterceptUrlsForFilterInvocationRequestMap:158] - Creating access control expression attribute 'hasRole('ROLE_ADMIN')' for /admin/**
▷ INFO  19:00:06 org.springframework.security.config.http.HttpSecurityBeanDefinitionParser[checkFilterChainOrder:306] - Checking sorted filter chain: [Root bean: class [org.springframework.security.web.context.SecurityContextPersistenceFilter]; scope=; abstract=false; lazyInit=false; autowireMode=0; dependencyCheck=0; autowireCandidate=true; primary=false; factoryBeanName=null; factoryMethodName=null; initMethodName=null; destroyMethodName=null, order = 200, Root bean: class [org.springframework.security.web.header.HeaderWriterFilter]; scope=; abstract=false; lazyInit=false; autowireMode=0; dependencyCheck=0; autowireCandidate=true; primary=false; factoryBeanName=null; factoryMethodName=null; initMethodName=null; destroyMethodName=null, order = 500, Root bean: class [org.springframework.security.web.authentication.logout.LogoutFilter]; scope=; abstract=false; lazyInit=false; autowireMode=0; dependencyCheck=0; autowireCandidate=true; primary=false; factoryBeanName=null; factoryMethodName=null; initMethodName=null; destroyMethodName=null, order = 700, <org.springframework.security.web.authentication.UsernamePasswordAuthenticationFilter#0>, order = 1100, Root bean: class [org.springframework.security.web.authentication.www.BasicAuthenticationFilter]; scope=; abstract=false; lazyInit=false; autowireMode=0; dependencyCheck=0; autowireCandidate=true; primary=false; factoryBeanName=null; factoryMethodName=null; initMethodName=null; destroyMethodName=null, order = 1500, Root bean: class [org.springframework.security.web.savedrequest.RequestCacheAwareFilter]; scope=; abstract=false; lazyInit=false; autowireMode=0; dependencyCheck=0; autowireCandidate=true; primary=false; factoryBeanName=null; factoryMethodName=null; initMethodName=null; destroyMethodName=null, order = 1600, Root bean: class [org.springframework.security.web.servletapi.SecurityContextHolderAwareRequestFilter]; scope=; abstract=false; lazyInit=false; autowireMode=0; dependencyCheck=0; autowireCandidate=true; primary=false; factoryBeanName=null; factoryMethodName=null; initMethodName=null; destroyMethodName=null, order = 1700, Root bean: class [org.springframework.security.web.authentication.AnonymousAuthenticationFilter]; scope=; abstract=false; lazyInit=false; autowireMode=0; dependencyCheck=0; autowireCandidate=true; primary=false; factoryBeanName=null; factoryMethodName=null; initMethodName=null; destroyMethodName=null, order = 2000, Root bean: class [org.springframework.security.web.session.SessionManagementFilter]; scope=; abstract=false; lazyInit=false; autowireMode=0; dependencyCheck=0; autowireCandidate=true; primary=false; factoryBeanName=null; factoryMethodName=null; initMethodName=null; destroyMethodName=null, order = 2100, Root bean: class [org.springframework.security.web.access.ExceptionTranslationFilter]; scope=; abstract=false; lazyInit=false; autowireMode=0; dependencyCheck=0; autowireCandidate=true; primary=false; factoryBeanName=null; factoryMethodName=null; initMethodName=null; destroyMethodName=null, order = 2200, <org.springframework.security.web.access.intercept.FilterSecurityInterceptor#0>, order = 2300]
▷ INFO  19:00:06 org.springframework.context.support.GenericApplicationContext[prepareRefresh:578] - Refreshing org.springframework.context.support.GenericApplicationContext@1e4a7dd4: startup date [Tue Mar 01 19:00:06 KST 2016]; root of context hierarchy
▷ INFO  19:00:06 org.springframework.beans.factory.config.PropertyPlaceholderConfigurer[loadProperties:172] - Loading properties file from class path resource [local.properties]
▷ INFO  19:00:06 org.springframework.beans.factory.config.PropertyPlaceholderConfigurer[loadProperties:172] - Loading properties file from class path resource [local.properties]
▷ INFO  19:00:06 org.springframework.beans.factory.config.PropertyPlaceholderConfigurer[loadProperties:172] - Loading properties file from class path resource [custom.properties]
▷ INFO  19:00:06 org.springframework.beans.factory.config.PropertyPlaceholderConfigurer[loadProperties:172] - Loading properties file from class path resource [custom.properties]
▷ INFO  19:00:07 org.springframework.web.servlet.mvc.method.annotation.RequestMappingHandlerMapping[register:527] - Mapped "{[/editors],methods=[GET]}" onto public org.springframework.web.servlet.ModelAndView com.github.webing.pilot.controller.EditorController.showEditor(javax.servlet.http.HttpServletRequest)
▷ INFO  19:00:07 org.springframework.web.servlet.mvc.method.annotation.RequestMappingHandlerMapping[register:527] - Mapped "{[/],methods=[GET]}" onto public java.lang.String com.github.webing.pilot.controller.IndexController.root(javax.servlet.http.HttpServletRequest)
▷ INFO  19:00:07 org.springframework.web.servlet.mvc.method.annotation.RequestMappingHandlerMapping[register:527] - Mapped "{[/signup],methods=[GET]}" onto public java.lang.String com.github.webing.pilot.controller.IndexController.viewSignUp()
▷ INFO  19:00:07 org.springframework.web.servlet.mvc.method.annotation.RequestMappingHandlerMapping[register:527] - Mapped "{[/signin],methods=[GET]}" onto public org.springframework.web.servlet.ModelAndView com.github.webing.pilot.controller.IndexController.showSignInPage(org.springframework.ui.Model,java.lang.String)
▷ INFO  19:00:07 org.springframework.web.servlet.mvc.method.annotation.RequestMappingHandlerMapping[register:527] - Mapped "{[/signOut],methods=[GET]}" onto public java.lang.String com.github.webing.pilot.controller.IndexController.processSignOut(javax.servlet.http.HttpServletRequest,javax.servlet.http.HttpServletResponse)
▷ INFO  19:00:07 org.springframework.web.servlet.mvc.method.annotation.RequestMappingHandlerMapping[register:527] - Mapped "{[/auth/facebook]}" onto public java.lang.String com.github.webing.pilot.controller.SocialController.accessFacebook()
▷ INFO  19:00:07 org.springframework.web.servlet.mvc.method.annotation.RequestMappingHandlerMapping[register:527] - Mapped "{[/auth/facebook_success]}" onto public java.lang.String com.github.webing.pilot.controller.SocialController.progressFacebook(javax.servlet.http.HttpSession,javax.servlet.http.HttpServletRequest) throws org.apache.http.client.ClientProtocolException,java.io.IOException
▷ INFO  19:00:07 org.springframework.web.servlet.mvc.method.annotation.RequestMappingHandlerMapping[register:527] - Mapped "{[/auth/kakao]}" onto public java.lang.String com.github.webing.pilot.controller.SocialController.accessKakao()
▷ INFO  19:00:07 org.springframework.web.servlet.mvc.method.annotation.RequestMappingHandlerMapping[register:527] - Mapped "{[/auth/kakao_success]}" onto public java.lang.String com.github.webing.pilot.controller.SocialController.progressKakao(javax.servlet.http.HttpServletRequest) throws org.apache.http.client.ClientProtocolException,java.io.IOException
▷ INFO  19:00:07 org.springframework.web.servlet.mvc.method.annotation.RequestMappingHandlerMapping[register:527] - Mapped "{[/users],methods=[POST],produces=[application/json;charset=utf8 || application/json]}" onto public java.util.List<java.lang.String> com.github.webing.pilot.controller.UserController.signUp(com.github.webing.pilot.model.User)
▷ INFO  19:00:08 org.springframework.web.servlet.mvc.method.annotation.RequestMappingHandlerAdapter[initControllerAdviceCache:532] - Looking for @ControllerAdvice: org.springframework.context.support.GenericApplicationContext@1e4a7dd4: startup date [Tue Mar 01 19:00:06 KST 2016]; root of context hierarchy
▷ INFO  19:00:08 org.springframework.web.servlet.mvc.method.annotation.RequestMappingHandlerAdapter[initControllerAdviceCache:532] - Looking for @ControllerAdvice: org.springframework.context.support.GenericApplicationContext@1e4a7dd4: startup date [Tue Mar 01 19:00:06 KST 2016]; root of context hierarchy
▷ INFO  19:00:08 org.springframework.web.servlet.mvc.method.annotation.ExceptionHandlerExceptionResolver[initExceptionHandlerAdviceCache:267] - Detected @ExceptionHandler methods in globalExceptionController
▷ INFO  19:00:08 org.springframework.web.servlet.handler.SimpleUrlHandlerMapping[registerHandler:341] - Mapped URL path [/**] onto handler 'org.springframework.web.servlet.resource.ResourceHttpRequestHandler#0'
▷ INFO  19:00:08 org.springframework.web.servlet.view.velocity.VelocityConfigurer[postProcessVelocityEngine:140] - ClasspathResourceLoader with name 'springMacro' added to configured VelocityEngine
▷ INFO  19:00:09 org.springframework.security.web.DefaultSecurityFilterChain[<init>:28] - Creating filter chain: org.springframework.security.web.util.matcher.AnyRequestMatcher@1, [org.springframework.security.web.context.SecurityContextPersistenceFilter@49aa766b, org.springframework.security.web.header.HeaderWriterFilter@963176, org.springframework.security.web.authentication.logout.LogoutFilter@65004ff6, org.springframework.security.web.authentication.UsernamePasswordAuthenticationFilter@4cafa9aa, org.springframework.security.web.authentication.www.BasicAuthenticationFilter@562c877a, org.springframework.security.web.savedrequest.RequestCacheAwareFilter@67001148, org.springframework.security.web.servletapi.SecurityContextHolderAwareRequestFilter@989da1, org.springframework.security.web.authentication.AnonymousAuthenticationFilter@31cb96e1, org.springframework.security.web.session.SessionManagementFilter@3eed0f5, org.springframework.security.web.access.ExceptionTranslationFilter@64030b91, org.springframework.security.web.access.intercept.FilterSecurityInterceptor@2032e725]
▷ INFO  19:00:09 org.springframework.security.config.http.DefaultFilterChainValidator[checkLoginPageIsntProtected:139] - Checking whether login URL '/signin' is accessible with your configuration
▷ DEBUG 19:00:09 com.github.webing.pilot.repository.DistrictRepository.findAll[debug:139] - ==>  Preparing: SELECT * FROM DISTRICTS ORDER BY districtCode ASC 
▷ DEBUG 19:00:09 com.github.webing.pilot.repository.DistrictRepository.findAll[debug:139] - ==>  Preparing: SELECT * FROM DISTRICTS ORDER BY districtCode ASC 
▷ DEBUG 19:00:09 com.github.webing.pilot.repository.DistrictRepository.findAll[debug:139] - ==> Parameters: 
▷ DEBUG 19:00:09 com.github.webing.pilot.repository.DistrictRepository.findAll[debug:139] - ==> Parameters: 
▷ DEBUG 19:00:09 com.github.webing.pilot.repository.DistrictRepository.findAll[debug:139] - <==      Total: 246
▷ DEBUG 19:00:09 com.github.webing.pilot.repository.DistrictRepository.findAll[debug:139] - <==      Total: 246
▷ DEBUG 19:00:09 com.github.webing.pilot.repository.CityRepository.findCityByCode[debug:139] - ==>  Preparing: SELECT * FROM CITIES WHERE cityCode = ? 
▷ DEBUG 19:00:09 com.github.webing.pilot.repository.CityRepository.findCityByCode[debug:139] - ==>  Preparing: SELECT * FROM CITIES WHERE cityCode = ? 
▷ DEBUG 19:00:09 com.github.webing.pilot.repository.CityRepository.findCityByCode[debug:139] - ==> Parameters: 4900(Integer)
▷ DEBUG 19:00:09 com.github.webing.pilot.repository.CityRepository.findCityByCode[debug:139] - ==> Parameters: 4900(Integer)
▷ DEBUG 19:00:09 com.github.webing.pilot.repository.CityRepository.findCityByCode[debug:139] - <==      Total: 1
▷ DEBUG 19:00:09 com.github.webing.pilot.repository.CityRepository.findCityByCode[debug:139] - <==      Total: 1
▷ DEBUG 19:00:09 com.github.webing.pilot.repository.CityRepository.findCityByName[debug:139] - ==>  Preparing: SELECT * FROM CITIES WHERE cityName = ? 
▷ DEBUG 19:00:09 com.github.webing.pilot.repository.CityRepository.findCityByName[debug:139] - ==>  Preparing: SELECT * FROM CITIES WHERE cityName = ? 
▷ DEBUG 19:00:09 com.github.webing.pilot.repository.CityRepository.findCityByName[debug:139] - ==> Parameters: 제주특별자치도(String)
▷ DEBUG 19:00:09 com.github.webing.pilot.repository.CityRepository.findCityByName[debug:139] - ==> Parameters: 제주특별자치도(String)
▷ DEBUG 19:00:09 com.github.webing.pilot.repository.CityRepository.findCityByName[debug:139] - <==      Total: 1
▷ DEBUG 19:00:09 com.github.webing.pilot.repository.CityRepository.findCityByName[debug:139] - <==      Total: 1
▷ DEBUG 19:00:09 com.github.webing.pilot.repository.CityRepository.findAll[debug:139] - ==>  Preparing: SELECT * FROM CITIES ORDER BY cityCode ASC 
▷ DEBUG 19:00:09 com.github.webing.pilot.repository.CityRepository.findAll[debug:139] - ==>  Preparing: SELECT * FROM CITIES ORDER BY cityCode ASC 
▷ DEBUG 19:00:09 com.github.webing.pilot.repository.CityRepository.findAll[debug:139] - ==> Parameters: 
▷ DEBUG 19:00:09 com.github.webing.pilot.repository.CityRepository.findAll[debug:139] - ==> Parameters: 
▷ DEBUG 19:00:09 com.github.webing.pilot.repository.CityRepository.findAll[debug:139] - <==      Total: 17
▷ DEBUG 19:00:09 com.github.webing.pilot.repository.CityRepository.findAll[debug:139] - <==      Total: 17
▷ DEBUG 19:00:09 com.github.webing.pilot.repository.CandidacyRepository.findByName[debug:139] - ==>  Preparing: SELECT * FROM CANDIDACY_MEMBERS as mem LEFT JOIN DISTRICTS as dis ON mem.districtCode = dis.districtCode WHERE name = ? 
▷ DEBUG 19:00:09 com.github.webing.pilot.repository.CandidacyRepository.findByName[debug:139] - ==>  Preparing: SELECT * FROM CANDIDACY_MEMBERS as mem LEFT JOIN DISTRICTS as dis ON mem.districtCode = dis.districtCode WHERE name = ? 
▷ DEBUG 19:00:09 com.github.webing.pilot.repository.CandidacyRepository.findByName[debug:139] - ==> Parameters: 나경원(String)
▷ DEBUG 19:00:09 com.github.webing.pilot.repository.CandidacyRepository.findByName[debug:139] - ==> Parameters: 나경원(String)
▷ DEBUG 19:00:09 com.github.webing.pilot.repository.CandidacyRepository.findByName[debug:139] - <==      Total: 1
▷ DEBUG 19:00:09 com.github.webing.pilot.repository.CandidacyRepository.findByName[debug:139] - <==      Total: 1
▷ DEBUG 19:00:09 com.github.webing.pilot.repository.CandidacyRepository.findByCandidacyId[debug:139] - ==>  Preparing: SELECT * FROM CANDIDACY_MEMBERS as mem LEFT JOIN DISTRICTS as dis ON mem.districtCode = dis.districtCode WHERE candidacyId = ? 
▷ DEBUG 19:00:09 com.github.webing.pilot.repository.CandidacyRepository.findByCandidacyId[debug:139] - ==>  Preparing: SELECT * FROM CANDIDACY_MEMBERS as mem LEFT JOIN DISTRICTS as dis ON mem.districtCode = dis.districtCode WHERE candidacyId = ? 
▷ DEBUG 19:00:09 com.github.webing.pilot.repository.CandidacyRepository.findByCandidacyId[debug:139] - ==> Parameters: 100119754(Integer)
▷ DEBUG 19:00:09 com.github.webing.pilot.repository.CandidacyRepository.findByCandidacyId[debug:139] - ==> Parameters: 100119754(Integer)
▷ DEBUG 19:00:09 com.github.webing.pilot.repository.CandidacyRepository.findByCandidacyId[debug:139] - <==      Total: 1
▷ DEBUG 19:00:09 com.github.webing.pilot.repository.CandidacyRepository.findByCandidacyId[debug:139] - <==      Total: 1
▷ DEBUG 19:00:09 com.github.webing.pilot.repository.DistrictRepository.findDistrictByDistrictCode[debug:139] - ==>  Preparing: SELECT * FROM DISTRICTS WHERE districtCode = ? 
▷ DEBUG 19:00:09 com.github.webing.pilot.repository.DistrictRepository.findDistrictByDistrictCode[debug:139] - ==>  Preparing: SELECT * FROM DISTRICTS WHERE districtCode = ? 
▷ DEBUG 19:00:09 com.github.webing.pilot.repository.DistrictRepository.findDistrictByDistrictCode[debug:139] - ==> Parameters: 2110301(Integer)
▷ DEBUG 19:00:09 com.github.webing.pilot.repository.DistrictRepository.findDistrictByDistrictCode[debug:139] - ==> Parameters: 2110301(Integer)
▷ DEBUG 19:00:09 com.github.webing.pilot.repository.DistrictRepository.findDistrictByDistrictCode[debug:139] - <==      Total: 1
▷ DEBUG 19:00:09 com.github.webing.pilot.repository.DistrictRepository.findDistrictByDistrictCode[debug:139] - <==      Total: 1
▷ DEBUG 19:00:09 com.github.webing.pilot.repository.DistrictRepository.findDistrictByDistrictName[debug:139] - ==>  Preparing: SELECT * FROM DISTRICTS WHERE districtName = ? 
▷ DEBUG 19:00:09 com.github.webing.pilot.repository.DistrictRepository.findDistrictByDistrictName[debug:139] - ==>  Preparing: SELECT * FROM DISTRICTS WHERE districtName = ? 
▷ DEBUG 19:00:09 com.github.webing.pilot.repository.DistrictRepository.findDistrictByDistrictName[debug:139] - ==> Parameters: 용산구(String)
▷ DEBUG 19:00:09 com.github.webing.pilot.repository.DistrictRepository.findDistrictByDistrictName[debug:139] - ==> Parameters: 용산구(String)
▷ DEBUG 19:00:09 com.github.webing.pilot.repository.DistrictRepository.findDistrictByDistrictName[debug:139] - <==      Total: 1
▷ DEBUG 19:00:09 com.github.webing.pilot.repository.DistrictRepository.findDistrictByDistrictName[debug:139] - <==      Total: 1
▷ DEBUG 19:00:09 com.github.webing.pilot.repository.DistrictRepository.findDistrictsByCityCode[debug:139] - ==>  Preparing: SELECT * FROM DISTRICTS WHERE cityCode = ? 
▷ DEBUG 19:00:09 com.github.webing.pilot.repository.DistrictRepository.findDistrictsByCityCode[debug:139] - ==>  Preparing: SELECT * FROM DISTRICTS WHERE cityCode = ? 
▷ DEBUG 19:00:09 com.github.webing.pilot.repository.DistrictRepository.findDistrictsByCityCode[debug:139] - ==> Parameters: 4900(Integer)
▷ DEBUG 19:00:09 com.github.webing.pilot.repository.DistrictRepository.findDistrictsByCityCode[debug:139] - ==> Parameters: 4900(Integer)
▷ DEBUG 19:00:09 com.github.webing.pilot.repository.DistrictRepository.findDistrictsByCityCode[debug:139] - <==      Total: 3
▷ DEBUG 19:00:09 com.github.webing.pilot.repository.DistrictRepository.findDistrictsByCityCode[debug:139] - <==      Total: 3
▷ DEBUG 19:00:09 com.github.webing.pilot.repository.CandidacyRepository.findAll[debug:139] - ==>  Preparing: SELECT * FROM CANDIDACY_MEMBERS as mem LEFT JOIN DISTRICTS as dis ON mem.districtCode = dis.districtCode ORDER BY candidacyId ASC 
▷ DEBUG 19:00:09 com.github.webing.pilot.repository.CandidacyRepository.findAll[debug:139] - ==>  Preparing: SELECT * FROM CANDIDACY_MEMBERS as mem LEFT JOIN DISTRICTS as dis ON mem.districtCode = dis.districtCode ORDER BY candidacyId ASC 
▷ DEBUG 19:00:09 com.github.webing.pilot.repository.CandidacyRepository.findAll[debug:139] - ==> Parameters: 
▷ DEBUG 19:00:09 com.github.webing.pilot.repository.CandidacyRepository.findAll[debug:139] - ==> Parameters: 
▷ DEBUG 19:00:09 com.github.webing.pilot.repository.CandidacyRepository.findAll[debug:139] - <==      Total: 1582
▷ DEBUG 19:00:09 com.github.webing.pilot.repository.CandidacyRepository.findAll[debug:139] - <==      Total: 1582
▷ INFO  19:00:09 org.springframework.context.support.GenericApplicationContext[doClose:960] - Closing org.springframework.context.support.GenericApplicationContext@1e4a7dd4: startup date [Tue Mar 01 19:00:06 KST 2016]; root of context hierarchy
▷ WARN  19:00:09 org.springframework.beans.factory.support.DisposableBeanAdapter[invokeCustomDestroyMethod:364] - Invocation of destroy method 'close' failed on bean with name 'sqlSessionTemplate': java.lang.UnsupportedOperationException: Manual close is not allowed over a Spring managed SqlSession
